0 info it worked if it ends with ok
1 verbose cli [ 'C:\\Program Files\\nodejs\\node.exe',
1 verbose cli   'C:\\Program Files\\nodejs\\node_modules\\npm\\bin\\npm-cli.js',
1 verbose cli   'run',
1 verbose cli   'bundle' ]
2 info using npm@3.10.10
3 info using node@v6.10.2
4 verbose run-script [ 'prebundle', 'bundle', 'postbundle' ]
5 info lifecycle Heroes@0.0.1~prebundle: Heroes@0.0.1
6 silly lifecycle Heroes@0.0.1~prebundle: no script for prebundle, continuing
7 info lifecycle Heroes@0.0.1~bundle: Heroes@0.0.1
8 verbose lifecycle Heroes@0.0.1~bundle: unsafe-perm in lifecycle true
9 verbose lifecycle Heroes@0.0.1~bundle: PATH: C:\Program Files\nodejs\node_modules\npm\bin\node-gyp-bin;C:\Users\t471614\Desktop\Learning tasks 2\node_modules\.bin;C:\Ruby22\bin;C:\oraclexe\app\oracle\product\11.2.0\server\bin;;C:\ProgramData\Oracle\Java\javapath;C:\windows\system32;C:\windows;C:\windows\System32\Wbem;C:\windows\System32\WindowsPowerShell\v1.0\;C:\windows\System32\WindowsPowerShell\v1.0\;C:\Program Files\1E\NomadBranch\;C:\Program Files\TortoiseGit\bin;C:\Program Files\Git\cmd;C:\Program Files\Java\jdk1.7.0_80\bin;C:\Softwares\apache-maven-3.3.9\bin;C:\Program Files (x86)\Java\jdk1.7.0_75\bin;C:\Program Files\nodejs\;C:\ruby-2.4.1\bin;C:\Users\t471614\AppData\Roaming\npm;C:\ruby-2.4.1\bin
10 verbose lifecycle Heroes@0.0.1~bundle: CWD: C:\Users\t471614\Desktop\Learning tasks 2
11 silly lifecycle Heroes@0.0.1~bundle: Args: [ '/d /s /c', 'webpack' ]
12 silly lifecycle Heroes@0.0.1~bundle: Returned: code: 2  signal: null
13 info lifecycle Heroes@0.0.1~bundle: Failed to exec bundle script
14 verbose stack Error: Heroes@0.0.1 bundle: `webpack`
14 verbose stack Exit status 2
14 verbose stack     at EventEmitter.<anonymous> (C:\Program Files\nodejs\node_modules\npm\lib\utils\lifecycle.js:255:16)
14 verbose stack     at emitTwo (events.js:106:13)
14 verbose stack     at EventEmitter.emit (events.js:191:7)
14 verbose stack     at ChildProcess.<anonymous> (C:\Program Files\nodejs\node_modules\npm\lib\utils\spawn.js:40:14)
14 verbose stack     at emitTwo (events.js:106:13)
14 verbose stack     at ChildProcess.emit (events.js:191:7)
14 verbose stack     at maybeClose (internal/child_process.js:886:16)
14 verbose stack     at Process.ChildProcess._handle.onexit (internal/child_process.js:226:5)
15 verbose pkgid Heroes@0.0.1
16 verbose cwd C:\Users\t471614\Desktop\Learning tasks 2
17 error Windows_NT 6.1.7601
18 error argv "C:\\Program Files\\nodejs\\node.exe" "C:\\Program Files\\nodejs\\node_modules\\npm\\bin\\npm-cli.js" "run" "bundle"
19 error node v6.10.2
20 error npm  v3.10.10
21 error code ELIFECYCLE
22 error Heroes@0.0.1 bundle: `webpack`
22 error Exit status 2
23 error Failed at the Heroes@0.0.1 bundle script 'webpack'.
23 error Make sure you have the latest version of node.js and npm installed.
23 error If you do, this is most likely a problem with the Heroes package,
23 error not with npm itself.
23 error Tell the author that this fails on your system:
23 error     webpack
23 error You can get information on how to open an issue for this project with:
23 error     npm bugs Heroes
23 error Or if that isn't available, you can get their info via:
23 error     npm owner ls Heroes
23 error There is likely additional logging output above.
24 verbose exit [ 1, true ]
